Traceback (most recent call last):
  File "cifar100_experiments.py", line 7, in <module>
    from lib.densenet import DenseNet121
  File "/home/s1572869/MSc_results/lib/densenet.py", line 4, in <module>
    import torch
  File "/home/s1572869/miniconda3/envs/mlp/lib/python3.7/site-packages/torch/__init__.py", line 280, in <module>
    from .functional import *
  File "/home/s1572869/miniconda3/envs/mlp/lib/python3.7/site-packages/torch/functional.py", line 2, in <module>
    import torch.nn.functional as F
  File "/home/s1572869/miniconda3/envs/mlp/lib/python3.7/site-packages/torch/nn/functional.py", line 10, in <module>
    from .modules import utils
  File "/home/s1572869/miniconda3/envs/mlp/lib/python3.7/site-packages/torch/nn/modules/__init__.py", line 23, in <module>
    from .rnn import RNNBase, RNN, LSTM, GRU, \
  File "/home/s1572869/miniconda3/envs/mlp/lib/python3.7/site-packages/torch/nn/modules/rnn.py", line 8, in <module>
    from ..utils.rnn import PackedSequence
  File "/home/s1572869/miniconda3/envs/mlp/lib/python3.7/site-packages/torch/nn/utils/__init__.py", line 5, in <module>
    from .spectral_norm import spectral_norm, remove_spectral_norm
  File "/home/s1572869/miniconda3/envs/mlp/lib/python3.7/site-packages/torch/nn/utils/spectral_norm.py", line 5, in <module>
    from torch.nn.functional import normalize
ImportError: cannot import name 'normalize' from 'torch.nn.functional' (/home/s1572869/miniconda3/envs/mlp/lib/python3.7/site-packages/torch/nn/functional.py)
